[ 2017-09-07T13:50:43+08:00 ] 192.168.0.39 /index.php/Admin/Photo/addCase_upload.html
ERR: 模板不存在:./Application/Admin/View/Photo/addCase_upload.html

[ 2017-09-07T13:50:43+08:00 ] 192.168.0.39 /index.php/Admin/Photo/addCase_upload.html
ERR: 模板不存在:./Application/Admin/View/Photo/addCase_upload.html

[ 2017-09-07T13:50:43+08:00 ] 192.168.0.39 /index.php/Admin/Photo/addCase_upload.html
ERR: 模板不存在:./Application/Admin/View/Photo/addCase_upload.html

[ 2017-09-07T13:50:43+08:00 ] 192.168.0.39 /index.php/Admin/Photo/addCase_upload.html
ERR: 模板不存在:./Application/Admin/View/Photo/addCase_upload.html

[ 2017-09-07T13:50:43+08:00 ] 192.168.0.39 /index.php/Admin/Photo/addCase_upload.html
ERR: 模板不存在:./Application/Admin/View/Photo/addCase_upload.html

[ 2017-09-07T17:15:13+08:00 ] 192.168.0.39 /index.php/Admin/Photo/addCase_upload.html
INFO: [ app_begin ] --START--
INFO: Run Behavior\ReadHtmlCacheBehavior [ RunTime:0.000000s ]
INFO: [ app_begin ] --END-- [ RunTime:0.000000s ]
NOTIC: [8] Undefined index: case_titel D:\phpStudy\WWW\qqbaby\Application\Admin\Controller\PhotoController.class.php 第 23 行.
INFO: [ app_end ] --START--
INFO: Run Behavior\ShowPageTraceBehavior [ RunTime:0.000000s ]
INFO: [ app_end ] --END-- [ RunTime:0.000000s ]

[ 2017-09-07T17:16:06+08:00 ] 192.168.0.39 /index.php/Admin/Photo/addCase_upload.html
INFO: [ app_begin ] --START--
INFO: Run Behavior\ReadHtmlCacheBehavior [ RunTime:0.001000s ]
INFO: [ app_begin ] --END-- [ RunTime:0.001000s ]
INFO: [ app_end ] --START--
INFO: Run Behavior\ShowPageTraceBehavior [ RunTime:0.000000s ]
INFO: [ app_end ] --END-- [ RunTime:0.000000s ]

[ 2017-09-07T17:16:35+08:00 ] 192.168.0.39 /index.php/Admin/Photo/addCase_upload.html
INFO: [ app_begin ] --START--
INFO: Run Behavior\ReadHtmlCacheBehavior [ RunTime:0.000000s ]
INFO: [ app_begin ] --END-- [ RunTime:0.001000s ]
INFO: [ app_end ] --START--
INFO: Run Behavior\ShowPageTraceBehavior [ RunTime:0.001000s ]
INFO: [ app_end ] --END-- [ RunTime:0.001000s ]

[ 2017-09-07T17:43:56+08:00 ] 192.168.0.39 /index.php/Admin/Photo/addCase_upload.html
INFO: [ app_begin ] --START--
INFO: Run Behavior\ReadHtmlCacheBehavior [ RunTime:0.001000s ]
INFO: [ app_begin ] --END-- [ RunTime:0.002000s ]
INFO: [ app_end ] --START--
INFO: Run Behavior\ShowPageTraceBehavior [ RunTime:0.001000s ]
INFO: [ app_end ] --END-- [ RunTime:0.001000s ]

[ 2017-09-07T17:44:24+08:00 ] 192.168.0.39 /index.php/Admin/Photo/addCase_upload.html
INFO: [ app_begin ] --START--
INFO: Run Behavior\ReadHtmlCacheBehavior [ RunTime:0.000000s ]
INFO: [ app_begin ] --END-- [ RunTime:0.001000s ]
INFO: [ app_end ] --START--
INFO: Run Behavior\ShowPageTraceBehavior [ RunTime:0.001000s ]
INFO: [ app_end ] --END-- [ RunTime:0.001000s ]

[ 2017-09-07T17:45:04+08:00 ] 192.168.0.39 /index.php/Admin/Photo/addCase_upload.html
INFO: [ app_begin ] --START--
INFO: Run Behavior\ReadHtmlCacheBehavior [ RunTime:0.000000s ]
INFO: [ app_begin ] --END-- [ RunTime:0.001000s ]
INFO: [ app_end ] --START--
INFO: Run Behavior\ShowPageTraceBehavior [ RunTime:0.000000s ]
INFO: [ app_end ] --END-- [ RunTime:0.000000s ]

[ 2017-09-07T18:06:59+08:00 ] 192.168.0.39 /index.php/Admin/Photo/addCase_upload.html
INFO: [ app_begin ] --START--
INFO: Run Behavior\ReadHtmlCacheBehavior [ RunTime:0.001000s ]
INFO: [ app_begin ] --END-- [ RunTime:0.001000s ]
INFO: [ app_end ] --START--
INFO: Run Behavior\ShowPageTraceBehavior [ RunTime:0.001000s ]
INFO: [ app_end ] --END-- [ RunTime:0.001000s ]

